<?xml version="1.0" encoding="UTF-8"?>
<testng-results skipped="0" failed="1" total="2" passed="1">
  <reporter-output>
  </reporter-output>
  <suite name="Default suite" duration-ms="76316" started-at="2020-08-18T14:38:19Z" finished-at="2020-08-18T14:39:36Z">
    <groups>
    </groups>
    <test name="Default test" duration-ms="76316" started-at="2020-08-18T14:38:19Z" finished-at="2020-08-18T14:39:36Z">
      <class name="ExcelUtilities.Registration">
        <test-method status="PASS" signature="setUp()[pri:0, instance:ExcelUtilities.Registration@61230f6a]" name="setUp" is-config="true" duration-ms="27884" started-at="2020-08-18T20:08:20Z" finished-at="2020-08-18T20:08:48Z">
          <reporter-output>
          </reporter-output>
        </test-method> <!-- setUp -->
        <test-method status="PASS" signature="halfEbayPageTest(java.lang.String, java.lang.String, java.lang.String, java.lang.String, java.lang.String, java.lang.String, java.lang.String, java.lang.String)[pri:0, instance:ExcelUtilities.Registration@61230f6a]" name="halfEbayPageTest" duration-ms="3011" started-at="2020-08-18T20:08:48Z" data-provider="getTestData" finished-at="2020-08-18T20:08:51Z">
          <params>
            <param index="0">
              <value>
                <![CDATA[mahendra]]>
              </value>
            </param>
            <param index="1">
              <value>
                <![CDATA[dhoni]]>
              </value>
            </param>
            <param index="2">
              <value>
                <![CDATA[Rajamandry]]>
              </value>
            </param>
            <param index="3">
              <value>
                <![CDATA[Jharkand]]>
              </value>
            </param>
            <param index="4">
              <value>
                <![CDATA[Ranchi]]>
              </value>
            </param>
            <param index="5">
              <value>
                <![CDATA[Arizona]]>
              </value>
            </param>
            <param index="6">
              <value>
                <![CDATA[506009]]>
              </value>
            </param>
            <param index="7">
              <value>
                <![CDATA[test65@gmail.com]]>
              </value>
            </param>
          </params>
          <reporter-output>
          </reporter-output>
        </test-method> <!-- halfEbayPageTest -->
        <test-method status="PASS" signature="setUp()[pri:0, instance:ExcelUtilities.Registration@61230f6a]" name="setUp" is-config="true" duration-ms="20038" started-at="2020-08-18T20:08:51Z" finished-at="2020-08-18T20:09:11Z">
          <reporter-output>
          </reporter-output>
        </test-method> <!-- setUp -->
        <test-method status="FAIL" signature="halfEbayPageTest(java.lang.String, java.lang.String, java.lang.String, java.lang.String, java.lang.String, java.lang.String, java.lang.String, java.lang.String)[pri:0, instance:ExcelUtilities.Registration@61230f6a]" name="halfEbayPageTest" duration-ms="24308" started-at="2020-08-18T20:09:11Z" data-provider="getTestData" finished-at="2020-08-18T20:09:36Z">
          <params>
            <param index="0">
              <value>
                <![CDATA[jvh]]>
              </value>
            </param>
            <param index="1">
              <value>
                <![CDATA[jvj]]>
              </value>
            </param>
            <param index="2">
              <value>
                <![CDATA[jv]]>
              </value>
            </param>
            <param index="3">
              <value>
                <![CDATA[hhg]]>
              </value>
            </param>
            <param index="4">
              <value>
                <![CDATA[hh]]>
              </value>
            </param>
            <param index="5">
              <value>
                <![CDATA[hg]]>
              </value>
            </param>
            <param index="6">
              <value>
                <![CDATA[ghn]]>
              </value>
            </param>
            <param index="7">
              <value>
                <![CDATA[hggh]]>
              </value>
            </param>
          </params>
          <exception class="org.openqa.selenium.NoSuchElementException">
            <message>
              <![CDATA[Cannot locate element with text: hg
For documentation on this error, please visit: http://seleniumhq.org/exceptions/no_such_element.html
Build info: version: '3.14.0', revision: 'aacccce0', time: '2018-08-02T20:19:58.91Z'
System info: host: 'LAPTOP-I4LBVN55', ip: '192.168.100.7', os.name: 'Windows 10', os.arch: 'amd64', os.version: '10.0', java.version: '1.8.0_261'
Driver info: driver.version: unknown]]>
            </message>
            <full-stacktrace>
              <![CDATA[org.openqa.selenium.NoSuchElementException: Cannot locate element with text: hg
For documentation on this error, please visit: http://seleniumhq.org/exceptions/no_such_element.html
Build info: version: '3.14.0', revision: 'aacccce0', time: '2018-08-02T20:19:58.91Z'
System info: host: 'LAPTOP-I4LBVN55', ip: '192.168.100.7', os.name: 'Windows 10', os.arch: 'amd64', os.version: '10.0', java.version: '1.8.0_261'
Driver info: driver.version: unknown
	at org.openqa.selenium.support.ui.Select.selectByVisibleText(Select.java:151)
	at ExcelUtilities.Registration.halfEbayPageTest(Registration.java:67)
	at sun.reflect.NativeMethodAccessorImpl.invoke0(Native Method)
	at sun.reflect.NativeMethodAccessorImpl.invoke(Unknown Source)
	at sun.reflect.DelegatingMethodAccessorImpl.invoke(Unknown Source)
	at java.lang.reflect.Method.invoke(Unknown Source)
	at org.testng.internal.MethodInvocationHelper.invokeMethod(MethodInvocationHelper.java:85)
	at org.testng.internal.Invoker.invokeMethod(Invoker.java:639)
	at org.testng.internal.Invoker.invokeTestMethod(Invoker.java:816)
	at org.testng.internal.Invoker.invokeTestMethods(Invoker.java:1124)
	at org.testng.internal.TestMethodWorker.invokeTestMethods(TestMethodWorker.java:125)
	at org.testng.internal.TestMethodWorker.run(TestMethodWorker.java:108)
	at org.testng.TestRunner.privateRun(TestRunner.java:774)
	at org.testng.TestRunner.run(TestRunner.java:624)
	at org.testng.SuiteRunner.runTest(SuiteRunner.java:359)
	at org.testng.SuiteRunner.runSequentially(SuiteRunner.java:354)
	at org.testng.SuiteRunner.privateRun(SuiteRunner.java:312)
	at org.testng.SuiteRunner.run(SuiteRunner.java:261)
	at org.testng.SuiteRunnerWorker.runSuite(SuiteRunnerWorker.java:52)
	at org.testng.SuiteRunnerWorker.run(SuiteRunnerWorker.java:86)
	at org.testng.TestNG.runSuitesSequentially(TestNG.java:1215)
	at org.testng.TestNG.runSuitesLocally(TestNG.java:1140)
	at org.testng.TestNG.run(TestNG.java:1048)
	at org.testng.remote.AbstractRemoteTestNG.run(AbstractRemoteTestNG.java:115)
	at org.testng.remote.RemoteTestNG.initAndRun(RemoteTestNG.java:251)
	at org.testng.remote.RemoteTestNG.main(RemoteTestNG.java:77)
]]>
            </full-stacktrace>
          </exception> <!-- org.openqa.selenium.NoSuchElementException -->
          <reporter-output>
          </reporter-output>
        </test-method> <!-- halfEbayPageTest -->
      </class> <!-- ExcelUtilities.Registration -->
    </test> <!-- Default test -->
  </suite> <!-- Default suite -->
</testng-results>
